g++: error: ./debug/test.cc: No such file or directory
g++: fatal error: no input files
compilation terminated.
make: *** [Makefile:41: test] Error 1
